<?xml version="1.0" encoding="UTF-8"?>
<testsuite name="TestSuite" time="158.899" tests="10" errors="0" skipped="0" failures="1">
  <properties>
[...]
</properties>
  <testcase name="clickShowButton" classname="com.lieferando.suite.TestAddressSearch" time="13.494"/>
  <testcase name="testSearchAddress" classname="com.lieferando.suite.TestAddressSearch" time="18.702"/>
  <testcase name="testInvalidSearchString" classname="com.lieferando.suite.TestAddressSearch" time="15.986"/>
  <testcase name="testSearchPincode" classname="com.lieferando.suite.TestAddressSearch" time="14.579"/>
  <testcase name="selectAnySuggestion" classname="com.lieferando.suite.TestAddressSearch" time="18.106"/>
  <testcase name="verifyGUI" classname="com.lieferando.suite.TestAddressSearch" time="16.675"/>
  <testcase name="testSearchIncorrectPincode" classname="com.lieferando.suite.TestAddressSearch" time="15.323"/>
  <testcase name="verifyIncompleteAddress" classname="com.lieferando.suite.TestAddressSearch" time="16.711"/>
  <testcase name="testSearchAddressUsingShow" classname="com.lieferando.suite.TestAddressSearch" time="14.174">
    <failure message="element not visible&#10;  (Session info: chrome=62.0.3202.94)&#10;  (Driver info: chromedriver=2.33.506120 (e3e53437346286c0bc2d2dc9aa4915ba81d9023f),platform=Windows NT 10.0.14393 x86_64) (WARNING: The server did not provide any stacktrace information)&#10;Command duration or timeout: 25 milliseconds&#10;Build info: version: &apos;2.45.0&apos;, revision: &apos;5017cb8e7ca8e37638dc3091b2440b90a1d8686f&apos;, time: &apos;2015-02-27 09:10:26&apos;&#10;System info: host: &apos;E0273819&apos;, ip: &apos;47.73.99.2&apos;, os.name: &apos;Windows 10&apos;, os.arch: &apos;x86&apos;, os.version: &apos;10.0&apos;, java.version: &apos;1.8.0_121&apos;&#10;Driver info: org.openqa.selenium.chrome.ChromeDriver&#10;Capabilities [{applicationCacheEnabled=false, rotatable=false, mobileEmulationEnabled=false, networkConnectionEnabled=false, chrome={chromedriverVersion=2.33.506120 (e3e53437346286c0bc2d2dc9aa4915ba81d9023f), userDataDir=C:\Users\ALOYSI~1\AppData\Local\Temp\scoped_dir24096_28376}, takesHeapSnapshot=true, pageLoadStrategy=normal, databaseEnabled=false, handlesAlerts=true, hasTouchScreen=false, version=62.0.3202.94, platform=XP, browserConnectionEnabled=false, nativeEvents=true, acceptSslCerts=true, locationContextEnabled=true, webStorageEnabled=true, browserName=chrome, takesScreenshot=true, javascriptEnabled=true, cssSelectorsEnabled=true, setWindowRect=true, unexpectedAlertBehaviour=}]&#10;Session ID: 03941c68cbd22a32ab875acf77064e6b" type="org.openqa.selenium.ElementNotVisibleException">org.openqa.selenium.ElementNotVisibleException: element not visible
  (Session info: chrome=62.0.3202.94)
  (Driver info: chromedriver=2.33.506120 (e3e53437346286c0bc2d2dc9aa4915ba81d9023f),platform=Windows NT 10.0.14393 x86_64) (WARNING: The server did not provide any stacktrace information)
Command duration or timeout: 25 milliseconds
Build info: version: '2.45.0', revision: '5017cb8e7ca8e37638dc3091b2440b90a1d8686f', time: '2015-02-27 09:10:26'
System info: host: 'E0273819', ip: '47.73.99.2', os.name: 'Windows 10', os.arch: 'x86', os.version: '10.0', java.version: '1.8.0_121'
Driver info: org.openqa.selenium.chrome.ChromeDriver
Capabilities [{applicationCacheEnabled=false, rotatable=false, mobileEmulationEnabled=false, networkConnectionEnabled=false, chrome={chromedriverVersion=2.33.506120 (e3e53437346286c0bc2d2dc9aa4915ba81d9023f), userDataDir=C:\Users\ALOYSI~1\AppData\Local\Temp\scoped_dir24096_28376}, takesHeapSnapshot=true, pageLoadStrategy=normal, databaseEnabled=false, handlesAlerts=true, hasTouchScreen=false, version=62.0.3202.94, platform=XP, browserConnectionEnabled=false, nativeEvents=true, acceptSslCerts=true, locationContextEnabled=true, webStorageEnabled=true, browserName=chrome, takesScreenshot=true, javascriptEnabled=true, cssSelectorsEnabled=true, setWindowRect=true, unexpectedAlertBehaviour=}]
Session ID: 03941c68cbd22a32ab875acf77064e6b
	at sun.reflect.NativeConstructorAccessorImpl.newInstance0(Native Method)
	at sun.reflect.NativeConstructorAccessorImpl.newInstance(NativeConstructorAccessorImpl.java:62)
	at sun.reflect.DelegatingConstructorAccessorImpl.newInstance(DelegatingConstructorAccessorImpl.java:45)
	at java.lang.reflect.Constructor.newInstance(Constructor.java:423)
	at org.openqa.selenium.remote.ErrorHandler.createThrowable(ErrorHandler.java:204)
	at org.openqa.selenium.remote.ErrorHandler.throwIfResponseFailed(ErrorHandler.java:156)
	at org.openqa.selenium.remote.RemoteWebDriver.execute(RemoteWebDriver.java:599)
	at org.openqa.selenium.remote.RemoteWebElement.execute(RemoteWebElement.java:268)
	at org.openqa.selenium.remote.RemoteWebElement.click(RemoteWebElement.java:79)
	at com.lieferando.page.HomePage.searchUsingShowAndGetFirstSuggestion(HomePage.java:202)
	at com.lieferando.suite.TestAddressSearch.testSearchAddressUsingShow(TestAddressSearch.java:284)
</failure>
    <system-out><![CDATA[2017-12-12 13:09:12,775  INFO [main] (TestAddressSearch.java:271) - *******************Test Case ID :9*******************
2017-12-12 13:09:12,776  INFO [main] (TestAddressSearch.java:273) - Test Case Description :Verify Address with proper search term in default homepage and hit Show
2017-12-12 13:09:12,777  INFO [main] (BaseClass.java:190) - Creating Chrome Driver
2017-12-12 13:09:12,778  INFO [main] (BaseClass.java:224) - Setting Chrome Capabilities and initiating Chrome Driver
2017-12-12 13:09:16,294  INFO [main] (CommonUtils.java:42) - Maximising browser window
2017-12-12 13:09:19,303  INFO [main] (CommonUtils.java:48) - Hitting the URL https://www.lieferando.de/
2017-12-12 13:09:25,065  INFO [main] (HomePage.java:159) - Typing address into search box
2017-12-12 13:09:26,820  INFO [main] (HomePage.java:198) - Hitting Show button
]]></system-out>
    <system-err><![CDATA[Starting ChromeDriver 2.33.506120 (e3e53437346286c0bc2d2dc9aa4915ba81d9023f) on port 17275
Only local connections are allowed.
]]></system-err>
  </testcase>
  <testcase name="testInvalidSearchStringUsingShow" classname="com.lieferando.suite.TestAddressSearch" time="15.149"/>
</testsuite>