<?xml version="1.0" encoding="UTF-8"?>
<!-- Generated by org.testng.reporters.JUnitXMLReporter -->
<testsuite hostname="E0273819" name="CartTest" tests="5" failures="0" timestamp="12 Dec 2017 00:44:38 GMT" time="105.377" errors="0">
  <testcase name="clickShowButton" time="14.168" classname="com.lieferando.suite.TestAddressSearch"/>
  <testcase name="testSearchAddress" time="17.836" classname="com.lieferando.suite.TestAddressSearch"/>
  <testcase name="testInvalidSearchString" time="15.224" classname="com.lieferando.suite.TestAddressSearch"/>
  <testcase name="testSearchPincode" time="15.152" classname="com.lieferando.suite.TestAddressSearch"/>
  <testcase name="selectAnySuggestion" time="17.56" classname="com.lieferando.suite.TestAddressSearch"/>
</testsuite> <!-- CartTest -->
