<?xml version="1.0" encoding="UTF-8"?>
<!-- Generated by org.testng.reporters.JUnitXMLReporter -->
<testsuite hostname="E0273819" name="CartTest" tests="5" failures="0" timestamp="12 Dec 2017 00:41:25 GMT" time="102.333" errors="0">
  <testcase name="clickShowButton" time="12.742" classname="com.lieferando.suite.TestAddressSearch"/>
  <testcase name="testSearchAddress" time="17.44" classname="com.lieferando.suite.TestAddressSearch"/>
  <testcase name="testInvalidSearchString" time="15.194" classname="com.lieferando.suite.TestAddressSearch"/>
  <testcase name="testSearchPincode" time="15.71" classname="com.lieferando.suite.TestAddressSearch"/>
  <testcase name="selectAnySuggestion" time="19.407" classname="com.lieferando.suite.TestAddressSearch"/>
</testsuite> <!-- CartTest -->
